{"/Users/anjapetry/Projects/jest-intro/isPalindrome.js": {"path":"/Users/anjapetry/Projects/jest-intro/isPalindrome.js","statementMap":{"0":{"start":{"line":2,"column":4},"end":{"line":2,"column":102}},"1":{"start":{"line":5,"column":0},"end":{"line":5,"column":30}}},"fnMap":{"0":{"name":"isPalindrome","decl":{"start":{"line":1,"column":9},"end":{"line":1,"column":21}},"loc":{"start":{"line":1,"column":28},"end":{"line":3,"column":1}},"line":1}},"branchMap":{},"s":{"0":2,"1":1},"f":{"0":2},"b":{},"_coverageSchema":"1a1c01bbd47fc00a2c39e90264f33305004495a9","hash":"62d3346d91e80365f16711441ed34326f76ade36"}
,"/Users/anjapetry/Projects/jest-intro/reverseString.js": {"path":"/Users/anjapetry/Projects/jest-intro/reverseString.js","statementMap":{"0":{"start":{"line":2,"column":4},"end":{"line":2,"column":65}},"1":{"start":{"line":5,"column":0},"end":{"line":5,"column":31}}},"fnMap":{"0":{"name":"reverseString","decl":{"start":{"line":1,"column":9},"end":{"line":1,"column":22}},"loc":{"start":{"line":1,"column":29},"end":{"line":3,"column":1}},"line":1}},"branchMap":{},"s":{"0":1,"1":1},"f":{"0":1},"b":{},"_coverageSchema":"1a1c01bbd47fc00a2c39e90264f33305004495a9","hash":"6fa2967d11cbfb51447966a7e51a079648ce9eea"}
,"/Users/anjapetry/Projects/jest-intro/shallowObjClone.js": {"path":"/Users/anjapetry/Projects/jest-intro/shallowObjClone.js","statementMap":{"0":{"start":{"line":2,"column":2},"end":{"line":2,"column":19}},"1":{"start":{"line":5,"column":0},"end":{"line":5,"column":33}}},"fnMap":{"0":{"name":"shallowObjClone","decl":{"start":{"line":1,"column":9},"end":{"line":1,"column":24}},"loc":{"start":{"line":1,"column":30},"end":{"line":3,"column":1}},"line":1}},"branchMap":{},"s":{"0":1,"1":1},"f":{"0":1},"b":{},"_coverageSchema":"1a1c01bbd47fc00a2c39e90264f33305004495a9","hash":"eaa6fecdedd72234147088a585448ea689192d02"}
,"/Users/anjapetry/Projects/jest-intro/sum.js": {"path":"/Users/anjapetry/Projects/jest-intro/sum.js","statementMap":{"0":{"start":{"line":2,"column":4},"end":{"line":2,"column":16}},"1":{"start":{"line":5,"column":0},"end":{"line":5,"column":21}}},"fnMap":{"0":{"name":"sum","decl":{"start":{"line":1,"column":9},"end":{"line":1,"column":12}},"loc":{"start":{"line":1,"column":19},"end":{"line":3,"column":1}},"line":1}},"branchMap":{},"s":{"0":1,"1":1},"f":{"0":1},"b":{},"_coverageSchema":"1a1c01bbd47fc00a2c39e90264f33305004495a9","hash":"9b7dba3024f6f4a832aac3dfe4a379299f0d8257"}
}
